!SESSION 2021-03-11 18:17:08.157 -----------------------------------------------
eclipse.buildId=unknown
java.version=1.8.0_261
java.vendor=Oracle Corporation
BootLoader constants: OS=win32, ARCH=x86_64, WS=win32, NL=en_US
Command-line arguments:  -console

!ENTRY org.eclipse.osgi 4 0 2021-03-11 18:17:09.034
!MESSAGE Bundle reference:file:org.eclipse.om2m.binding.http_1.1.0.20210208-1651.jar@2:start not found.

!ENTRY org.eclipse.osgi 4 0 2021-03-11 18:17:09.035
!MESSAGE Bundle reference:file:org.eclipse.om2m.binding.service_1.1.0.20210208-1651.jar@4 not found.

!ENTRY org.eclipse.osgi 4 0 2021-03-11 18:17:09.036
!MESSAGE Bundle reference:file:org.eclipse.om2m.commons_1.1.0.20210208-1651.jar@4 not found.

!ENTRY org.eclipse.osgi 4 0 2021-03-11 18:17:09.037
!MESSAGE Bundle reference:file:org.eclipse.om2m.commons.logging_1.1.0.20210208-1651.jar@4 not found.

!ENTRY org.eclipse.osgi 4 0 2021-03-11 18:17:09.038
!MESSAGE Bundle reference:file:org.eclipse.om2m.core_1.1.0.20210208-1651.jar@4:start not found.

!ENTRY org.eclipse.osgi 4 0 2021-03-11 18:17:09.039
!MESSAGE Bundle reference:file:org.eclipse.om2m.core.service_1.1.0.20210208-1651.jar@4 not found.

!ENTRY org.eclipse.osgi 4 0 2021-03-11 18:17:09.040
!MESSAGE Bundle reference:file:org.eclipse.om2m.dal_1.1.0.20210208-1651.jar@4 not found.

!ENTRY org.eclipse.osgi 4 0 2021-03-11 18:17:09.041
!MESSAGE Bundle reference:file:org.eclipse.om2m.dal.driver.sample_1.1.0.20210208-1651.jar@4 not found.

!ENTRY org.eclipse.osgi 4 0 2021-03-11 18:17:09.042
!MESSAGE Bundle reference:file:org.eclipse.om2m.datamapping.jaxb_1.1.0.20210208-1651.jar@1:start not found.

!ENTRY org.eclipse.osgi 4 0 2021-03-11 18:17:09.042
!MESSAGE Bundle reference:file:org.eclipse.om2m.datamapping.service_1.1.0.20210208-1651.jar@4 not found.

!ENTRY org.eclipse.osgi 4 0 2021-03-11 18:17:09.043
!MESSAGE Bundle reference:file:org.eclipse.om2m.flexcontainer.service_1.1.0.20210208-1651.jar@4 not found.

!ENTRY org.eclipse.osgi 4 0 2021-03-11 18:17:09.044
!MESSAGE Bundle reference:file:org.eclipse.om2m.hue.api_1.1.0.20210208-1651.jar@5:start not found.

!ENTRY org.eclipse.osgi 4 0 2021-03-11 18:17:09.045
!MESSAGE Bundle reference:file:org.eclipse.om2m.hue.impl_1.1.0.20210208-1651.jar@5:start not found.

!ENTRY org.eclipse.osgi 4 0 2021-03-11 18:17:09.046
!MESSAGE Bundle reference:file:org.eclipse.om2m.interworking.service_1.1.0.20210208-1651.jar@4 not found.

!ENTRY org.eclipse.osgi 4 0 2021-03-11 18:17:09.047
!MESSAGE Bundle reference:file:org.eclipse.om2m.ipe.dal_1.1.0.20210208-1651.jar@4 not found.

!ENTRY org.eclipse.osgi 4 0 2021-03-11 18:17:09.048
!MESSAGE Bundle reference:file:org.eclipse.om2m.ipe.sample_1.1.0.20210208-1651.jar@4 not found.

!ENTRY org.eclipse.osgi 4 0 2021-03-11 18:17:09.049
!MESSAGE Bundle reference:file:org.eclipse.om2m.ipe.sample.sdt_1.1.0.20210208-1651.jar@4 not found.

!ENTRY org.eclipse.osgi 4 0 2021-03-11 18:17:09.050
!MESSAGE Bundle reference:file:org.eclipse.om2m.ipe.sdt_1.1.0.20210208-1651.jar@6 not found.

!ENTRY org.eclipse.osgi 4 0 2021-03-11 18:17:09.051
!MESSAGE Bundle reference:file:org.eclipse.om2m.persistence.eclipselink_1.1.0.20210208-1651.jar@2:start not found.

!ENTRY org.eclipse.osgi 4 0 2021-03-11 18:17:09.052
!MESSAGE Bundle reference:file:org.eclipse.om2m.persistence.mongodb_1.1.0.20210208-1651.jar@2 not found.

!ENTRY org.eclipse.osgi 4 0 2021-03-11 18:17:09.053
!MESSAGE Bundle reference:file:org.eclipse.om2m.persistence.service_1.1.0.20210208-1651.jar@4 not found.

!ENTRY org.eclipse.osgi 4 0 2021-03-11 18:17:09.054
!MESSAGE Bundle reference:file:org.eclipse.om2m.sample.ipe_1.1.0.20210208-1651.jar@4 not found.

!ENTRY org.eclipse.osgi 4 0 2021-03-11 18:17:09.055
!MESSAGE Bundle reference:file:org.eclipse.om2m.sdt.api_1.1.0.20210208-1651.jar@4 not found.

!ENTRY org.eclipse.osgi 4 0 2021-03-11 18:17:09.056
!MESSAGE Bundle reference:file:org.eclipse.om2m.sdt.home_1.1.0.20210208-1651.jar@4 not found.

!ENTRY org.eclipse.osgi 4 0 2021-03-11 18:17:09.057
!MESSAGE Bundle reference:file:org.eclipse.om2m.sdt.home.driver_1.1.0.20210208-1651.jar@4 not found.

!ENTRY org.eclipse.osgi 4 0 2021-03-11 18:17:09.057
!MESSAGE Bundle reference:file:org.eclipse.om2m.sdt.home.hue_1.1.0.20210208-1651.jar@6:start not found.

!ENTRY org.eclipse.osgi 4 0 2021-03-11 18:17:09.058
!MESSAGE Bundle reference:file:org.eclipse.om2m.sdt.home.mocked.devices_1.1.0.20210208-1651.jar@6 not found.

!ENTRY org.eclipse.osgi 4 0 2021-03-11 18:17:09.059
!MESSAGE Bundle reference:file:org.eclipse.om2m.sdt.home.netatmo_1.1.0.20210208-1651.jar@6 not found.

!ENTRY org.eclipse.osgi 4 0 2021-03-11 18:17:09.060
!MESSAGE Bundle reference:file:org.eclipse.om2m.testsuite.flexcontainer_1.1.0.20210208-1651.jar@4 not found.

!ENTRY org.eclipse.osgi 4 0 2021-03-11 18:17:09.061
!MESSAGE Bundle reference:file:org.eclipse.om2m.webapp.resourcesbrowser.json_1.1.0.20210208-1651.jar@4:start not found.

!ENTRY org.eclipse.osgi 4 0 2021-03-11 18:17:09.063
!MESSAGE Bundle reference:file:pax-confman-propsloader-0.2.3.jar@1:start not found.
